pingtech/build/outputs/logs/manifest-merger-debug-report.txt
-- Merging decision tree log ---
manifest
ADDED from src\main\AndroidManifest.xml:2:1-849:12
	package
		ADDED from src\main\AndroidManifest.xml:4:5-27
		INJECTED from src\main\AndroidManifest.xml
		INJECTED from src\main\AndroidManifest.xml
	android:versionName
		ADDED from src\main\AndroidManifest.xml:6:5-36
		INJECTED from src\main\AndroidManifest.xml
		INJECTED from src\main\AndroidManifest.xml
	xmlns:tools
		ADDED from src\main\AndroidManifest.xml:3:5-51
	android:versionCode
		ADDED from src\main\AndroidManifest.xml:5:5-30
		INJECTED from src\main\AndroidManifest.xml
		INJECTED from src\main\AndroidManifest.xml
	xmlns:android
		ADDED from src\main\AndroidManifest.xml:2:11-69
uses-sdk
ADDED from src\main\AndroidManifest.xml:8:5-44
MERGED from [pingtech:AndroidImageCachemaster:unspecified] AndroidManifest.xml:6:5-8:41
	android:targetSdkVersion
		INJECTED from src\main\AndroidManifest.xml
		INJECTED from src\main\AndroidManifest.xml
	android:minSdkVersion
		ADDED from src\main\AndroidManifest.xml:8:15-41
		INJECTED from src\main\AndroidManifest.xml
		INJECTED from src\main\AndroidManifest.xml
uses-permission#android.permission.MODIFY_AUDIO_SETTINGS
ADDED from src\main\AndroidManifest.xml:12:5-80
	android:name
		ADDED from src\main\AndroidManifest.xml:12:22-77
uses-permission#android.permission.KILL_BACKGROUND_PROCESSES
ADDED from src\main\AndroidManifest.xml:13:5-84
	android:name
		ADDED from src\main\AndroidManifest.xml:13:22-81
uses-permission#android.permission.WRITE_SETTINGS
ADDED from src\main\AndroidManifest.xml:14:5-73
	android:name
		ADDED from src\main\AndroidManifest.xml:14:22-70
uses-permission#android.permission.WRITE_SECURES
ADDED from src\main\AndroidManifest.xml:15:5-72
	android:name
		ADDED from src\main\AndroidManifest.xml:15:22-69
uses-permission#android.permission.BLUETOOTH_ADMIN
ADDED from src\main\AndroidManifest.xml:16:5-74
	android:name
		ADDED from src\main\AndroidManifest.xml:16:22-71
uses-permission#android.permission.BLUETOOTH
ADDED from src\main\AndroidManifest.xml:17:5-68
	android:name
		ADDED from src\main\AndroidManifest.xml:17:22-65
uses-permission#android.permission.MOUNT_UNMOUNT_FILESYSTEMS
ADDED from src\main\AndroidManifest.xml:18:5-84
	android:name
		ADDED from src\main\AndroidManifest.xml:18:22-81
uses-permission#android.permission.WRITE_EXTERNAL_STORAGE
ADDED from src\main\AndroidManifest.xml:19:5-81
	android:name
		ADDED from src\main\AndroidManifest.xml:19:22-78
uses-permission#android.permission.INTERNET
ADDED from src\main\AndroidManifest.xml:21:5-67
MERGED from [pingtech:AndroidImageCachemaster:unspecified] AndroidManifest.xml:10:5-67
	android:name
		ADDED from src\main\AndroidManifest.xml:21:22-64
uses-permission#android.permission.ACCESS_NETWORK_STATE
ADDED from src\main\AndroidManifest.xml:23:5-79
	android:name
		ADDED from src\main\AndroidManifest.xml:23:22-76
uses-permission#android.permission.ACCESS_DOWNLOAD_MANAGER
ADDED from src\main\AndroidManifest.xml:24:5-82
	android:name
		ADDED from src\main\AndroidManifest.xml:24:22-79
uses-permission#android.permission.READ_PHONE_STATE
ADDED from src\main\AndroidManifest.xml:25:5-75
	android:name
		ADDED from src\main\AndroidManifest.xml:25:22-72
uses-permission#android.permission.ACCESS_FINE_LOCATION
ADDED from src\main\AndroidManifest.xml:26:5-79
	android:name
		ADDED from src\main\AndroidManifest.xml:26:22-76
uses-permission#android.permission.ACCESS_COARSE_LOCATION
ADDED from src\main\AndroidManifest.xml:27:5-81
	android:name
		ADDED from src\main\AndroidManifest.xml:27:22-78
uses-permission#android.permission.RECEIVE_BOOT_COMPLETED
ADDED from src\main\AndroidManifest.xml:28:5-81
	android:name
		ADDED from src\main\AndroidManifest.xml:28:22-78
uses-permission#android.permission.DISABLE_KEYGUARD
ADDED from src\main\AndroidManifest.xml:29:5-75
	android:name
		ADDED from src\main\AndroidManifest.xml:29:22-72
uses-permission#android.permission.RECORD_AUDIO
ADDED from src\main\AndroidManifest.xml:31:5-71
	android:name
		ADDED from src\main\AndroidManifest.xml:31:22-68
uses-permission#android.permission.VIBRATE
ADDED from src\main\AndroidManifest.xml:33:5-66
	android:name
		ADDED from src\main\AndroidManifest.xml:33:22-63
uses-permission#android.permission.SYSTEM_ALERT_WINDOW
ADDED from src\main\AndroidManifest.xml:34:5-78
	android:name
		ADDED from src\main\AndroidManifest.xml:34:22-75
uses-permission#android.permission.CAMERA
ADDED from src\main\AndroidManifest.xml:38:5-65
	android:name
		ADDED from src\main\AndroidManifest.xml:38:22-62
uses-permission#android.permission.RESTART_PACKAGES
ADDED from src\main\AndroidManifest.xml:39:5-75
	android:name
		ADDED from src\main\AndroidManifest.xml:39:22-72
uses-permission#android.permission.WAKE_LOCK
ADDED from src\main\AndroidManifest.xml:42:5-68
	android:name
		ADDED from src\main\AndroidManifest.xml:42:22-65
uses-permission#com.android.alarm.permission.SET_ALARM
ADDED from src\main\AndroidManifest.xml:43:5-78
	android:name
		ADDED from src\main\AndroidManifest.xml:43:22-75
uses-feature#android.hardware.camera
ADDED from src\main\AndroidManifest.xml:45:5-47:35
	android:required
		ADDED from src\main\AndroidManifest.xml:47:9-32
	android:name
		ADDED from src\main\AndroidManifest.xml:46:9-47
uses-feature#android.hardware.camera.front
ADDED from src\main\AndroidManifest.xml:48:5-50:36
	android:required
		ADDED from src\main\AndroidManifest.xml:50:9-33
	android:name
		ADDED from src\main\AndroidManifest.xml:49:9-53
uses-feature#android.hardware.camera.autofocus
ADDED from src\main\AndroidManifest.xml:51:5-53:36
	android:required
		ADDED from src\main\AndroidManifest.xml:53:9-33
	android:name
		ADDED from src\main\AndroidManifest.xml:52:9-57
uses-feature#android.hardware.camera.flash
ADDED from src\main\AndroidManifest.xml:54:5-56:36
	android:required
		ADDED from src\main\AndroidManifest.xml:56:9-33
	android:name
		ADDED from src\main\AndroidManifest.xml:55:9-53
uses-feature#android.hardware.screen.landscape
ADDED from src\main\AndroidManifest.xml:57:5-70
	android:name
		ADDED from src\main\AndroidManifest.xml:57:19-67
uses-feature#android.hardware.wifi
ADDED from src\main\AndroidManifest.xml:58:5-60:36
	android:required
		ADDED from src\main\AndroidManifest.xml:60:9-33
	android:name
		ADDED from src\main\AndroidManifest.xml:59:9-45
uses-feature#android.hardware.touchscreen
ADDED from src\main\AndroidManifest.xml:61:5-65
	android:name
		ADDED from src\main\AndroidManifest.xml:61:19-62
supports-screens
ADDED from src\main\AndroidManifest.xml:63:5-68:40
MERGED from [pingtech:AndroidImageCachemaster:unspecified] AndroidManifest.xml:12:5-14:39
	android:largeScreens
		ADDED from src\main\AndroidManifest.xml:65:9-36
	android:smallScreens
		ADDED from src\main\AndroidManifest.xml:67:9-36
	android:normalScreens
		ADDED from src\main\AndroidManifest.xml:66:9-37
	android:xlargeScreens
		ADDED from src\main\AndroidManifest.xml:68:9-37
	android:anyDensity
		ADDED from src\main\AndroidManifest.xml:64:9-34
application
ADDED from src\main\AndroidManifest.xml:71:5-847:19
	android:label
		ADDED from src\main\AndroidManifest.xml:74:9-45
	android:icon
		ADDED from src\main\AndroidManifest.xml:73:9-41
	android:largeHeap
		ADDED from src\main\AndroidManifest.xml:75:9-33
	android:name
		ADDED from src\main\AndroidManifest.xml:72:9-62
activity#com.pingtech.hgqw.module.login.activity.Login
ADDED from src\main\AndroidManifest.xml:76:9-83:20
	android:screenOrientation
		ADDED from src\main\AndroidManifest.xml:81:13-49
	android:label
		ADDED from src\main\AndroidManifest.xml:79:13-49
	android:launchMode
		ADDED from src\main\AndroidManifest.xml:80:13-43
	android:configChanges
		ADDED from src\main\AndroidManifest.xml:78:13-63
	android:theme
		ADDED from src\main\AndroidManifest.xml:82:13-66
	android:name
		ADDED from src\main\AndroidManifest.xml:77:13-73
activity#com.pingtech.hgqw.module.cfzg.CfzgIndex
ADDED from src\main\AndroidManifest.xml:85:9-91:20
	android:screenOrientation
		ADDED from src\main\AndroidManifest.xml:89:13-49
	android:launchMode
		ADDED from src\main\AndroidManifest.xml:88:13-44
	android:configChanges
		ADDED from src\main\AndroidManifest.xml:87:13-63
	android:theme
		ADDED from src\main\AndroidManifest.xml:90:13-48
	android:name
		ADDED from src\main\AndroidManifest.xml:86:13-67
activity#com.pingtech.hgqw.module.home.activity.Welcome
ADDED from src\main\AndroidManifest.xml:92:9-102:20
	android:screenOrientation
		ADDED from src\main\AndroidManifest.xml:95:13-49
	android:configChanges
		ADDED from src\main\AndroidManifest.xml:94:13-63
	android:theme
		ADDED from src\main\AndroidManifest.xml:96:13-48
	android:name
		ADDED from src\main\AndroidManifest.xml:93:13-74
intent-filter#android.intent.action.MAIN+android.intent.category.LAUNCHER
ADDED from src\main\AndroidManifest.xml:97:13-101:29
action#android.intent.action.MAIN
ADDED from src\main\AndroidManifest.xml:98:17-69
	android:name
		ADDED from src\main\AndroidManifest.xml:98:25-66
category#android.intent.category.LAUNCHER
ADDED from src\main\AndroidManifest.xml:100:17-77
	android:name
		ADDED from src\main\AndroidManifest.xml:100:27-74
activity#com.pingtech.hgqw.readcard.test.activity.ReadActivity
ADDED from src\main\AndroidManifest.xml:103:9-115:20
	android:screenOrientation
		ADDED from src\main\AndroidManifest.xml:106:13-49
	android:windowSoftInputMode
		ADDED from src\main\AndroidManifest.xml:108:13-52
	tools:ignore
		ADDED from src\main\AndroidManifest.xml:109:13-45
	android:configChanges
		ADDED from src\main\AndroidManifest.xml:105:13-63
	android:theme
		ADDED from src\main\AndroidManifest.xml:107:13-44
	android:name
		ADDED from src\main\AndroidManifest.xml:104:13-81
activity#com.pingtech.hgqw.service.test.GpsTestActivity
ADDED from src\main\AndroidManifest.xml:116:9-127:20
	android:screenOrientation
		ADDED from src\main\AndroidManifest.xml:119:13-49
	android:windowSoftInputMode
		ADDED from src\main\AndroidManifest.xml:121:13-52
	android:configChanges
		ADDED from src\main\AndroidManifest.xml:118:13-63
	android:theme
		ADDED from src\main\AndroidManifest.xml:120:13-44
	android:name
		ADDED from src\main\AndroidManifest.xml:117:13-74
activity#com.pingtech.hgqw.module.offline.test.TestActivity
ADDED from src\main\AndroidManifest.xml:128:9-138:20
	android:screenOrientation
		ADDED from src\main\AndroidManifest.xml:132:13-49
	android:launchMode
		ADDED from src\main\AndroidManifest.xml:131:13-44
	android:configChanges
		ADDED from src\main\AndroidManifest.xml:130:13-63
	android:name
		ADDED from src\main\AndroidManifest.xml:129:13-78
activity#com.pingtech.hgqw.service.test.TestServiceActivity
ADDED from src\main\AndroidManifest.xml:139:9-149:20
	android:screenOrientation
		ADDED from src\main\AndroidManifest.xml:143:13-49
	android:launchMode
		ADDED from src\main\AndroidManifest.xml:142:13-44
	android:configChanges
		ADDED from src\main\AndroidManifest.xml:141:13-63
	android:name
		ADDED from src\main\AndroidManifest.xml:140:13-78
activity#com.pingtech.hgqw.module.home.activity.Index
ADDED from src\main\AndroidManifest.xml:150:9-156:20
	android:screenOrientation
		ADDED from src\main\AndroidManifest.xml:154:13-49
	android:launchMode
		ADDED from src\main\AndroidManifest.xml:153:13-44
	android:configChanges
		ADDED from src\main\AndroidManifest.xml:152:13-63
	android:theme
		ADDED from src\main\AndroidManifest.xml:155:13-44
	android:name
		ADDED from src\main\AndroidManifest.xml:151:13-72
activity#com.pingtech.hgqw.module.cfzg.FullScreenActivity
ADDED from src\main\AndroidManifest.xml:157:9-161:20
	android:label
		ADDED from src\main\AndroidManifest.xml:159:13-45
	android:theme
		ADDED from src\main\AndroidManifest.xml:160:13-61
	android:name
		ADDED from src\main\AndroidManifest.xml:158:13-76
activity#com.pingtech.hgqw.module.xtgl.activity.OfflineDataActivity
ADDED from src\main\AndroidManifest.xml:162:9-168:20
	android:screenOrientation
		ADDED from src\main\AndroidManifest.xml:166:13-49
	android:launchMode
		ADDED from src\main\AndroidManifest.xml:165:13-44
	android:configChanges
		ADDED from src\main\AndroidManifest.xml:164:13-63
	android:theme
		ADDED from src\main\AndroidManifest.xml:167:13-44
	android:name
		ADDED from src\main\AndroidManifest.xml:163:13-86
activity#com.pingtech.hgqw.module.offline.base.BaseDbActivity
ADDED from src\main\AndroidManifest.xml:169:9-174:20
	android:screenOrientation
		ADDED from src\main\AndroidManifest.xml:172:13-49
	android:configChanges
		ADDED from src\main\AndroidManifest.xml:171:13-63
	android:theme
		ADDED from src\main\AndroidManifest.xml:173:13-48
	android:name
		ADDED from src\main\AndroidManifest.xml:170:13-80
activity#com.pingtech.hgqw.module.tikou.activity.TikouManager
ADDED from src\main\AndroidManifest.xml:175:9-181:20
	android:screenOrientation
		ADDED from src\main\AndroidManifest.xml:179:13-49
	android:launchMode
		ADDED from src\main\AndroidManifest.xml:178:13-44
	android:configChanges
		ADDED from src\main\AndroidManifest.xml:177:13-63
	android:theme
		ADDED from src\main\AndroidManifest.xml:180:13-44
	android:name
		ADDED from src\main\AndroidManifest.xml:176:13-68
activity#com.pingtech.hgqw.module.tikou.activity.TiKouReadCard
ADDED from src\main\AndroidManifest.xml:182:9-193:20
	android:screenOrientation
		ADDED from src\main\AndroidManifest.xml:185:13-49
	android:windowSoftInputMode
		ADDED from src\main\AndroidManifest.xml:187:13-52
	android:configChanges
		ADDED from src\main\AndroidManifest.xml:184:13-63
	android:theme
		ADDED from src\main\AndroidManifest.xml:186:13-44
	android:name
		ADDED from src\main\AndroidManifest.xml:183:13-69
activity#com.pingtech.hgqw.module.kakou.activity.KaKouReadCard
ADDED from src\main\AndroidManifest.xml:194:9-200:20
	android:screenOrientation
		ADDED from src\main\AndroidManifest.xml:197:13-49
	android:windowSoftInputMode
		ADDED from src\main\AndroidManifest.xml:199:13-52
	android:configChanges
		ADDED from src\main\AndroidManifest.xml:196:13-63
	android:theme
		ADDED from src\main\AndroidManifest.xml:198:13-44
	android:name
		ADDED from src\main\AndroidManifest.xml:195:13-69
activity#com.pingtech.hgqw.module.kakou.activity.KakouCljc
ADDED from src\main\AndroidManifest.xml:201:9-213:20
	android:screenOrientation
		ADDED from src\main\AndroidManifest.xml:205:13-49
	android:launchMode
		ADDED from src\main\AndroidManifest.xml:204:13-44
	android:windowSoftInputMode
		ADDED from src\main\AndroidManifest.xml:207:13-52
	android:configChanges
		ADDED from src\main\AndroidManifest.xml:203:13-63
	android:theme
		ADDED from src\main\AndroidManifest.xml:206:13-39
	android:name
		ADDED from src\main\AndroidManifest.xml:202:13-65
activity#com.pingtech.hgqw.module.xunjian.activity.XunjianCljc
ADDED from src\main\AndroidManifest.xml:214:9-221:20
	android:screenOrientation
		ADDED from src\main\AndroidManifest.xml:218:13-49
	android:launchMode
		ADDED from src\main\AndroidManifest.xml:217:13-44
	android:windowSoftInputMode
		ADDED from src\main\AndroidManifest.xml:220:13-52
	android:configChanges
		ADDED from src\main\AndroidManifest.xml:216:13-63
	android:theme
		ADDED from src\main\AndroidManifest.xml:219:13-39
	android:name
		ADDED from src\main\AndroidManifest.xml:215:13-81
activity#com.pingtech.hgqw.module.xunjian.activity.XunjianClglSdbc
ADDED from src\main\AndroidManifest.xml:222:9-229:20
	android:screenOrientation
		ADDED from src\main\AndroidManifest.xml:226:13-49
	android:launchMode
		ADDED from src\main\AndroidManifest.xml:225:13-44
	android:windowSoftInputMode
		ADDED from src\main\AndroidManifest.xml:228:13-52
	android:configChanges
		ADDED from src\main\AndroidManifest.xml:224:13-63
	android:theme
		ADDED from src\main\AndroidManifest.xml:227:13-39
	android:name
		ADDED from src\main\AndroidManifest.xml:223:13-85
activity#com.pingtech.hgqw.module.kakou.activity.KakouClglSdbc
ADDED from src\main\AndroidManifest.xml:230:9-237:20
	android:screenOrientation
		ADDED from src\main\AndroidManifest.xml:234:13-49
	android:launchMode
		ADDED from src\main\AndroidManifest.xml:233:13-44
	android:windowSoftInputMode
		ADDED from src\main\AndroidManifest.xml:236:13-52
	android:configChanges
		ADDED from src\main\AndroidManifest.xml:232:13-63
	android:theme
		ADDED from src\main\AndroidManifest.xml:235:13-44
	android:name
		ADDED from src\main\AndroidManifest.xml:231:13-69
activity#com.pingtech.hgqw.module.tikou.activity.TikoucymdActivity
ADDED from src\main\AndroidManifest.xml:239:9-245:20
	android:screenOrientation
		ADDED from src\main\AndroidManifest.xml:242:13-49
	android:windowSoftInputMode
		ADDED from src\main\AndroidManifest.xml:244:13-52
	android:configChanges
		ADDED from src\main\AndroidManifest.xml:241:13-63
	android:theme
		ADDED from src\main\AndroidManifest.xml:243:13-44
	android:name
		ADDED from src\main\AndroidManifest.xml:240:13-85
activity#com.pingtech.hgqw.module.kakou.activity.KakouManager
ADDED from src\main\AndroidManifest.xml:246:9-252:20
	android:screenOrientation
		ADDED from src\main\AndroidManifest.xml:250:13-49
	android:launchMode
		ADDED from src\main\AndroidManifest.xml:249:13-44
	android:configChanges
		ADDED from src\main\AndroidManifest.xml:248:13-63
	android:theme
		ADDED from src\main\AndroidManifest.xml:251:13-44
	android:name
		ADDED from src\main\AndroidManifest.xml:247:13-68
activity#com.pingtech.hgqw.module.police.activity.MyPoliceList
ADDED from src\main\AndroidManifest.xml:253:9-259:20
	android:screenOrientation
		ADDED from src\main\AndroidManifest.xml:257:13-49
	android:launchMode
		ADDED from src\main\AndroidManifest.xml:256:13-44
	android:configChanges
		ADDED from src\main\AndroidManifest.xml:255:13-63
	android:theme
		ADDED from src\main\AndroidManifest.xml:258:13-44
	android:name
		ADDED from src\main\AndroidManifest.xml:254:13-69
activity#com.pingtech.hgqw.activity.SystemActivity
ADDED from src\main\AndroidManifest.xml:260:9-265:20
	android:screenOrientation
		ADDED from src\main\AndroidManifest.xml:263:13-49
	android:configChanges
		ADDED from src\main\AndroidManifest.xml:262:13-63
	android:theme
		ADDED from src\main\AndroidManifest.xml:264:13-44
	android:name
		ADDED from src\main\AndroidManifest.xml:261:13-57
activity#com.pingtech.hgqw.module.exception.activity.Exceptioninfo
ADDED from src\main\AndroidManifest.xml:266:9-271:20
	android:screenOrientation
		ADDED from src\main\AndroidManifest.xml:269:13-49
	android:configChanges
		ADDED from src\main\AndroidManifest.xml:268:13-63
	android:theme
		ADDED from src\main\AndroidManifest.xml:270:13-44
	android:name
		ADDED from src\main\AndroidManifest.xml:267:13-73
activity#com.pingtech.hgqw.module.exception.activity.ExceptionView
ADDED from src\main\AndroidManifest.xml:272:9-277:20
	android:screenOrientation
		ADDED from src\main\AndroidManifest.xml:275:13-49
	android:configChanges
		ADDED from src\main\AndroidManifest.xml:274:13-63
	android:theme
		ADDED from src\main\AndroidManifest.xml:276:13-44
	android:name
		ADDED from src\main\AndroidManifest.xml:273:13-73
activity#com.pingtech.hgqw.module.cbdt.activity.ShipStatus
ADDED from src\main\AndroidManifest.xml:278:9-284:20
	android:screenOrientation
		ADDED from src\main\AndroidManifest.xml:282:13-49
	android:launchMode
		ADDED from src\main\AndroidManifest.xml:281:13-44
	android:configChanges
		ADDED from src\main\AndroidManifest.xml:280:13-63
	android:theme
		ADDED from src\main\AndroidManifest.xml:283:13-44
	android:name
		ADDED from src\main\AndroidManifest.xml:279:13-65
activity#com.pingtech.hgqw.module.kacbqk.activity.KacbqkShipSearch
ADDED from src\main\AndroidManifest.xml:285:9-291:20
	android:screenOrientation
		ADDED from src\main\AndroidManifest.xml:289:13-49
	android:launchMode
		ADDED from src\main\AndroidManifest.xml:288:13-44
	android:configChanges
		ADDED from src\main\AndroidManifest.xml:287:13-63
	android:theme
		ADDED from src\main\AndroidManifest.xml:290:13-44
	android:name
		ADDED from src\main\AndroidManifest.xml:286:13-85
activity#com.pingtech.hgqw.module.kacbqk.activity.KacbqkShipList
ADDED from src\main\AndroidManifest.xml:292:9-298:20
	android:screenOrientation
		ADDED from src\main\AndroidManifest.xml:296:13-49
	android:launchMode
		ADDED from src\main\AndroidManifest.xml:295:13-44
	android:configChanges
		ADDED from src\main\AndroidManifest.xml:294:13-63
	android:theme
		ADDED from src\main\AndroidManifest.xml:297:13-44
	android:name
		ADDED from src\main\AndroidManifest.xml:293:13-83
activity#com.pingtech.hgqw.module.kacbqk.activity.KacbqkShipInfo
ADDED from src\main\AndroidManifest.xml:299:9-305:20
	android:screenOrientation
		ADDED from src\main\AndroidManifest.xml:303:13-49
	android:launchMode
		ADDED from src\main\AndroidManifest.xml:302:13-44
	android:configChanges
		ADDED from src\main\AndroidManifest.xml:301:13-63
	android:theme
		ADDED from src\main\AndroidManifest.xml:304:13-44
	android:name
		ADDED from src\main\AndroidManifest.xml:300:13-83
activity#com.pingtech.hgqw.module.kacbqk.activity.KacbqkSailorList
ADDED from src\main\AndroidManifest.xml:306:9-312:20
	android:screenOrientation
		ADDED from src\main\AndroidManifest.xml:310:13-49
	android:launchMode
		ADDED from src\main\AndroidManifest.xml:309:13-44
	android:configChanges
		ADDED from src\main\AndroidManifest.xml:308:13-63
	android:theme
		ADDED from src\main\AndroidManifest.xml:311:13-44
	android:name
		ADDED from src\main\AndroidManifest.xml:307:13-85
activity#com.pingtech.hgqw.module.kacbqk.activity.KacbqkDldlList
ADDED from src\main\AndroidManifest.xml:313:9-319:20
	android:screenOrientation
		ADDED from src\main\AndroidManifest.xml:317:13-49
	android:launchMode
		ADDED from src\main\AndroidManifest.xml:316:13-44
	android:configChanges
		ADDED from src\main\AndroidManifest.xml:315:13-63
	android:theme
		ADDED from src\main\AndroidManifest.xml:318:13-44
	android:name
		ADDED from src\main\AndroidManifest.xml:314:13-83
activity#com.pingtech.hgqw.activity.ShipListActivity
ADDED from src\main\AndroidManifest.xml:320:9-325:20
	android:screenOrientation
		ADDED from src\main\AndroidManifest.xml:323:13-49
	android:configChanges
		ADDED from src\main\AndroidManifest.xml:322:13-63
	android:theme
		ADDED from src\main\AndroidManifest.xml:324:13-44
	android:name
		ADDED from src\main\AndroidManifest.xml:321:13-59
activity#com.pingtech.hgqw.module.cbdt.activity.CbdtShipDetail
ADDED from src\main\AndroidManifest.xml:326:9-331:20
	android:screenOrientation
		ADDED from src\main\AndroidManifest.xml:329:13-49
	android:configChanges
		ADDED from src\main\AndroidManifest.xml:328:13-63
	android:theme
		ADDED from src\main\AndroidManifest.xml:330:13-44
	android:name
		ADDED from src\main\AndroidManifest.xml:327:13-81
activity#com.pingtech.hgqw.module.xunjian.activity.ReadcardActivity
ADDED from src\main\AndroidManifest.xml:332:9-338:20
	android:screenOrientation
		ADDED from src\main\AndroidManifest.xml:335:13-49
	android:windowSoftInputMode
		ADDED from src\main\AndroidManifest.xml:337:13-52
	android:configChanges
		ADDED from src\main\AndroidManifest.xml:334:13-63
	android:theme
		ADDED from src\main\AndroidManifest.xml:336:13-44
	android:name
		ADDED from src\main\AndroidManifest.xml:333:13-86
activity#com.pingtech.hgqw.module.bindship.activity.ReadSlotCardActivity
ADDED from src\main\AndroidManifest.xml:339:9-343:59
	android:screenOrientation
		ADDED from src\main\AndroidManifest.xml:342:13-49
	android:configChanges
		ADDED from src\main\AndroidManifest.xml:341:13-74
	android:theme
		ADDED from src\main\AndroidManifest.xml:343:13-56
	android:name
		ADDED from src\main\AndroidManifest.xml:340:13-79
activity#com.pingtech.hgqw.activity.RegisterPersoninfoActivity
ADDED from src\main\AndroidManifest.xml:344:9-350:20
	android:screenOrientation
		ADDED from src\main\AndroidManifest.xml:347:13-49
	android:windowSoftInputMode
		ADDED from src\main\AndroidManifest.xml:349:13-52
	android:configChanges
		ADDED from src\main\AndroidManifest.xml:346:13-63
	android:theme
		ADDED from src\main\AndroidManifest.xml:348:13-44
	android:name
		ADDED from src\main\AndroidManifest.xml:345:13-69
activity#com.pingtech.hgqw.activity.SelectShipActivity
ADDED from src\main\AndroidManifest.xml:351:9-356:20
	android:screenOrientation
		ADDED from src\main\AndroidManifest.xml:354:13-49
	android:configChanges
		ADDED from src\main\AndroidManifest.xml:353:13-63
	android:theme
		ADDED from src\main\AndroidManifest.xml:355:13-44
	android:name
		ADDED from src\main\AndroidManifest.xml:352:13-61
activity#com.pingtech.hgqw.activity.SelectShipResultActivity
ADDED from src\main\AndroidManifest.xml:357:9-362:20
	android:screenOrientation
		ADDED from src\main\AndroidManifest.xml:360:13-49
	android:configChanges
		ADDED from src\main\AndroidManifest.xml:359:13-63
	android:theme
		ADDED from src\main\AndroidManifest.xml:361:13-44
	android:name
		ADDED from src\main\AndroidManifest.xml:358:13-67
activity#com.pingtech.hgqw.activity.SelectDeviceActivity
ADDED from src\main\AndroidManifest.xml:363:9-368:20
	android:screenOrientation
		ADDED from src\main\AndroidManifest.xml:366:13-49
	android:configChanges
		ADDED from src\main\AndroidManifest.xml:365:13-63
	android:theme
		ADDED from src\main\AndroidManifest.xml:367:13-44
	android:name
		ADDED from src\main\AndroidManifest.xml:364:13-63
activity#com.pingtech.hgqw.activity.SelectDeviceResultActivity
ADDED from src\main\AndroidManifest.xml:369:9-374:20
	android:screenOrientation
		ADDED from src\main\AndroidManifest.xml:372:13-49
	android:configChanges
		ADDED from src\main\AndroidManifest.xml:371:13-63
	android:theme
		ADDED from src\main\AndroidManifest.xml:373:13-44
	android:name
		ADDED from src\main\AndroidManifest.xml:370:13-69
activity#com.pingtech.hgqw.activity.ShipDetailActivity
ADDED from src\main\AndroidManifest.xml:375:9-380:20
	android:screenOrientation
		ADDED from src\main\AndroidManifest.xml:378:13-49
	android:configChanges
		ADDED from src\main\AndroidManifest.xml:377:13-63
	android:theme
		ADDED from src\main\AndroidManifest.xml:379:13-44
	android:name
		ADDED from src\main\AndroidManifest.xml:376:13-61
activity#com.pingtech.hgqw.module.police.activity.MyPoliceDetail
ADDED from src\main\AndroidManifest.xml:381:9-386:20
	android:screenOrientation
		ADDED from src\main\AndroidManifest.xml:384:13-49
	android:configChanges
		ADDED from src\main\AndroidManifest.xml:383:13-63
	android:theme
		ADDED from src\main\AndroidManifest.xml:385:13-44
	android:name
		ADDED from src\main\AndroidManifest.xml:382:13-71
activity#com.pingtech.hgqw.module.qwjw.activity.QwzlDetail
ADDED from src\main\AndroidManifest.xml:387:9-392:20
	android:screenOrientation
		ADDED from src\main\AndroidManifest.xml:390:13-49
	android:configChanges
		ADDED from src\main\AndroidManifest.xml:389:13-63
	android:theme
		ADDED from src\main\AndroidManifest.xml:391:13-44
	android:name
		ADDED from src\main\AndroidManifest.xml:388:13-77
activity#com.pingtech.hgqw.activity.PopupActivity
ADDED from src\main\AndroidManifest.xml:393:9-400:20
	android:screenOrientation
		ADDED from src\main\AndroidManifest.xml:398:13-49
	android:label
		ADDED from src\main\AndroidManifest.xml:396:13-41
	android:launchMode
		ADDED from src\main\AndroidManifest.xml:397:13-44
	android:configChanges
		ADDED from src\main\AndroidManifest.xml:395:13-63
	android:theme
		ADDED from src\main\AndroidManifest.xml:399:13-56
	android:name
		ADDED from src\main\AndroidManifest.xml:394:13-56
activity#com.pingtech.hgqw.module.login.activity.LoginByCard
ADDED from src\main\AndroidManifest.xml:401:9-407:20
	android:screenOrientation
		ADDED from src\main\AndroidManifest.xml:405:13-49
	android:label
		ADDED from src\main\AndroidManifest.xml:404:13-41
	android:configChanges
		ADDED from src\main\AndroidManifest.xml:403:13-63
	android:theme
		ADDED from src\main\AndroidManifest.xml:406:13-56
	android:name
		ADDED from src\main\AndroidManifest.xml:402:13-67
activity#com.pingtech.hgqw.activity.SelectCountrylistActivity
ADDED from src\main\AndroidManifest.xml:408:9-413:20
	android:screenOrientation
		ADDED from src\main\AndroidManifest.xml:411:13-49
	android:configChanges
		ADDED from src\main\AndroidManifest.xml:410:13-63
	android:theme
		ADDED from src\main\AndroidManifest.xml:412:13-56
	android:name
		ADDED from src\main\AndroidManifest.xml:409:13-68
activity#com.pingtech.hgqw.module.xunjian.activity.XunChaXunJian
ADDED from src\main\AndroidManifest.xml:414:9-420:20
	android:screenOrientation
		ADDED from src\main\AndroidManifest.xml:418:13-49
	android:launchMode
		ADDED from src\main\AndroidManifest.xml:417:13-44
	android:configChanges
		ADDED from src\main\AndroidManifest.xml:416:13-63
	android:theme
		ADDED from src\main\AndroidManifest.xml:419:13-44
	android:name
		ADDED from src\main\AndroidManifest.xml:415:13-71
activity#com.pingtech.hgqw.module.exception.activity.Exceptionlist
ADDED from src\main\AndroidManifest.xml:421:9-426:20
	android:screenOrientation
		ADDED from src\main\AndroidManifest.xml:424:13-49
	android:configChanges
		ADDED from src\main\AndroidManifest.xml:423:13-63
	android:theme
		ADDED from src\main\AndroidManifest.xml:425:13-44
	android:name
		ADDED from src\main\AndroidManifest.xml:422:13-73
activity#com.pingtech.hgqw.module.sjcj.activity.BaseInfoMaintenanceActivity
ADDED from src\main\AndroidManifest.xml:427:9-432:20
	android:screenOrientation
		ADDED from src\main\AndroidManifest.xml:430:13-49
	android:configChanges
		ADDED from src\main\AndroidManifest.xml:429:13-63
	android:theme
		ADDED from src\main\AndroidManifest.xml:431:13-44
	android:name
		ADDED from src\main\AndroidManifest.xml:428:13-94
activity#com.pingtech.hgqw.activity.PersonBalanceActivity
ADDED from src\main\AndroidManifest.xml:433:9-438:20
	android:screenOrientation
		ADDED from src\main\AndroidManifest.xml:436:13-49
	android:configChanges
		ADDED from src\main\AndroidManifest.xml:435:13-63
	android:theme
		ADDED from src\main\AndroidManifest.xml:437:13-44
	android:name
		ADDED from src\main\AndroidManifest.xml:434:13-64
activity#com.pingtech.hgqw.activity.SelectPersonActivity
ADDED from src\main\AndroidManifest.xml:439:9-444:20
	android:screenOrientation